This is pdfTeX, Version 3.14159265-2.6-1.40.21 (TeX Live 2020) (preloaded format=latex 2020.4.7)  20 JAN 2021 17:14
entering extended mode
 restricted \write18 enabled.
 %&-line parsing enabled.
**quadratic_exact_gradient.tex
(./quadratic_exact_gradient.tex
LaTeX2e <2020-02-02> patch level 5
L3 programming layer <2020-03-06>
\gptboxheight=\skip47
\gptboxwidth=\skip48
\gptboxtext=\box45
LaTeX Font Info:    External font `cmex10' loaded for size
(Font)              <7> on input line 127.
LaTeX Font Info:    External font `cmex10' loaded for size
(Font)              <5> on input line 127.


! Package graphicx or graphics not loaded.

See the gnuplot documentation for explanation.
Type  H <return>  for immediate help.
 ...                                              
                                                  
l.128 ...ht={141.70bp}]{quadratic_exact_gradient}}
                                                  %
? \
Type <return> to proceed, S to scroll future error messages,
R to run without stopping, Q to run quietly,
I to insert something, E to edit your file,
1 or ... or 9 to ignore the next 1 to 9 tokens of input,
H for help, X to quit.
? X
 
Here is how much of TeX's memory you used:
 38 strings out of 480609
 815 string characters out of 5903657
 240607 words of memory out of 5000000
 16030 multiletter control sequences out of 15000+600000
 532338 words of font info for 24 fonts, out of 8000000 for 9000
 1141 hyphenation exceptions out of 8191
 22i,5n,19p,127b,156s stack positions out of 5000i,500n,10000p,200000b,80000s
No pages of output.
